Analysis & Synthesis report for MIPS_DLX_pipeline
Thu Nov 28 02:58:14 2024
Quartus Prime Version 20.1.0 Build 711 06/05/2020 SJ Lite Edition


---------------------
; Table of Contents ;
---------------------
  1. Legal Notice
  2. Analysis & Synthesis Summary
  3. Analysis & Synthesis Settings
  4. Parallel Compilation
  5. Analysis & Synthesis Source Files Read
  6. Analysis & Synthesis Resource Usage Summary
  7. Analysis & Synthesis Resource Utilization by Entity
  8. General Register Statistics
  9. Parameter Settings for User Entity Instance: Top-level Entity: |MEM
 10. Parameter Settings for User Entity Instance: RAMMIPS:ram_mips
 11. Port Connectivity Checks: "RAMMIPS:ram_mips"
 12. Post-Synthesis Netlist Statistics for Top Partition
 13. Elapsed Time Per Partition
 14. Analysis & Synthesis Messages



----------------
; Legal Notice ;
----------------
Copyright (C) 2020  Intel Corporation. All rights reserved.
Your use of Intel Corporation's design tools, logic functions 
and other software and tools, and any partner logic 
functions, and any output files from any of the foregoing 
(including device programming or simulation files), and any 
associated documentation or information are expressly subject 
to the terms and conditions of the Intel Program License 
Subscription Agreement, the Intel Quartus Prime License Agreement,
the Intel FPGA IP License Agreement, or other applicable license
agreement, including, without limitation, that your use is for
the sole purpose of programming logic devices manufactured by
Intel and sold by Intel or its authorized distributors.  Please
refer to the applicable agreement for further details, at
https://fpgasoftware.intel.com/eula.



+-------------------------------------------------------------------------------+
; Analysis & Synthesis Summary                                                  ;
+---------------------------------+---------------------------------------------+
; Analysis & Synthesis Status     ; Successful - Thu Nov 28 02:58:14 2024       ;
; Quartus Prime Version           ; 20.1.0 Build 711 06/05/2020 SJ Lite Edition ;
; Revision Name                   ; MIPS_DLX_pipeline                           ;
; Top-level Entity Name           ; MEM                                         ;
; Family                          ; Cyclone V                                   ;
; Logic utilization (in ALMs)     ; N/A                                         ;
; Total registers                 ; 2048                                        ;
; Total pins                      ; 212                                         ;
; Total virtual pins              ; 0                                           ;
; Total block memory bits         ; 0                                           ;
; Total DSP Blocks                ; 0                                           ;
; Total HSSI RX PCSs              ; 0                                           ;
; Total HSSI PMA RX Deserializers ; 0                                           ;
; Total HSSI TX PCSs              ; 0                                           ;
; Total HSSI PMA TX Serializers   ; 0                                           ;
; Total PLLs                      ; 0                                           ;
; Total DLLs                      ; 0                                           ;
+---------------------------------+---------------------------------------------+


+---------------------------------------------------------------------------------------------------------------------------+
; Analysis & Synthesis Settings                                                                                             ;
+---------------------------------------------------------------------------------+--------------------+--------------------+
; Option                                                                          ; Setting            ; Default Value      ;
+---------------------------------------------------------------------------------+--------------------+--------------------+
; Device                                                                          ; 5CEBA4F23C7        ;                    ;
; Top-level entity name                                                           ; MEM                ; MIPS_DLX_pipeline  ;
; Family name                                                                     ; Cyclone V          ; Cyclone V          ;
; VHDL Show LMF Mapping Messages                                                  ; Off                ;                    ;
; VHDL Version                                                                    ; VHDL_2008          ; VHDL_1993          ;
; Use smart compilation                                                           ; Off                ; Off                ;
; Enable parallel Assembler and Timing Analyzer during compilation                ; On                 ; On                 ;
; Enable compact report table                                                     ; Off                ; Off                ;
; Restructure Multiplexers                                                        ; Auto               ; Auto               ;
; MLAB Add Timing Constraints For Mixed-Port Feed-Through Mode Setting Don't Care ; Off                ; Off                ;
; Create Debugging Nodes for IP Cores                                             ; Off                ; Off                ;
; Preserve fewer node names                                                       ; On                 ; On                 ;
; Intel FPGA IP Evaluation Mode                                                   ; Enable             ; Enable             ;
; Verilog Version                                                                 ; Verilog_2001       ; Verilog_2001       ;
; State Machine Processing                                                        ; Auto               ; Auto               ;
; Safe State Machine                                                              ; Off                ; Off                ;
; Extract Verilog State Machines                                                  ; On                 ; On                 ;
; Extract VHDL State Machines                                                     ; On                 ; On                 ;
; Ignore Verilog initial constructs                                               ; Off                ; Off                ;
; Iteration limit for constant Verilog loops                                      ; 5000               ; 5000               ;
; Iteration limit for non-constant Verilog loops                                  ; 250                ; 250                ;
; Add Pass-Through Logic to Inferred RAMs                                         ; On                 ; On                 ;
; Infer RAMs from Raw Logic                                                       ; On                 ; On                 ;
; Parallel Synthesis                                                              ; On                 ; On                 ;
; DSP Block Balancing                                                             ; Auto               ; Auto               ;
; NOT Gate Push-Back                                                              ; On                 ; On                 ;
; Power-Up Don't Care                                                             ; On                 ; On                 ;
; Remove Redundant Logic Cells                                                    ; Off                ; Off                ;
; Remove Duplicate Registers                                                      ; On                 ; On                 ;
; Ignore CARRY Buffers                                                            ; Off                ; Off                ;
; Ignore CASCADE Buffers                                                          ; Off                ; Off                ;
; Ignore GLOBAL Buffers                                                           ; Off                ; Off                ;
; Ignore ROW GLOBAL Buffers                                                       ; Off                ; Off                ;
; Ignore LCELL Buffers                                                            ; Off                ; Off                ;
; Ignore SOFT Buffers                                                             ; On                 ; On                 ;
; Limit AHDL Integers to 32 Bits                                                  ; Off                ; Off                ;
; Optimization Technique                                                          ; Balanced           ; Balanced           ;
; Carry Chain Length                                                              ; 70                 ; 70                 ;
; Auto Carry Chains                                                               ; On                 ; On                 ;
; Auto Open-Drain Pins                                                            ; On                 ; On                 ;
; Perform WYSIWYG Primitive Resynthesis                                           ; Off                ; Off                ;
; Auto ROM Replacement                                                            ; On                 ; On                 ;
; Auto RAM Replacement                                                            ; On                 ; On                 ;
; Auto DSP Block Replacement                                                      ; On                 ; On                 ;
; Auto Shift Register Replacement                                                 ; Auto               ; Auto               ;
; Allow Shift Register Merging across Hierarchies                                 ; Auto               ; Auto               ;
; Auto Clock Enable Replacement                                                   ; On                 ; On                 ;
; Strict RAM Replacement                                                          ; Off                ; Off                ;
; Allow Synchronous Control Signals                                               ; On                 ; On                 ;
; Force Use of Synchronous Clear Signals                                          ; Off                ; Off                ;
; Auto Resource Sharing                                                           ; Off                ; Off                ;
; Allow Any RAM Size For Recognition                                              ; Off                ; Off                ;
; Allow Any ROM Size For Recognition                                              ; Off                ; Off                ;
; Allow Any Shift Register Size For Recognition                                   ; Off                ; Off                ;
; Use LogicLock Constraints during Resource Balancing                             ; On                 ; On                 ;
; Ignore translate_off and synthesis_off directives                               ; Off                ; Off                ;
; Timing-Driven Synthesis                                                         ; On                 ; On                 ;
; Report Parameter Settings                                                       ; On                 ; On                 ;
; Report Source Assignments                                                       ; On                 ; On                 ;
; Report Connectivity Checks                                                      ; On                 ; On                 ;
; Ignore Maximum Fan-Out Assignments                                              ; Off                ; Off                ;
; Synchronization Register Chain Length                                           ; 3                  ; 3                  ;
; Power Optimization During Synthesis                                             ; Normal compilation ; Normal compilation ;
; HDL message level                                                               ; Level2             ; Level2             ;
; Suppress Register Optimization Related Messages                                 ; Off                ; Off                ;
; Number of Removed Registers Reported in Synthesis Report                        ; 5000               ; 5000               ;
; Number of Swept Nodes Reported in Synthesis Report                              ; 5000               ; 5000               ;
; Number of Inverted Registers Reported in Synthesis Report                       ; 100                ; 100                ;
; Clock MUX Protection                                                            ; On                 ; On                 ;
; Auto Gated Clock Conversion                                                     ; Off                ; Off                ;
; Block Design Naming                                                             ; Auto               ; Auto               ;
; SDC constraint protection                                                       ; Off                ; Off                ;
; Synthesis Effort                                                                ; Auto               ; Auto               ;
; Shift Register Replacement - Allow Asynchronous Clear Signal                    ; On                 ; On                 ;
; Pre-Mapping Resynthesis Optimization                                            ; Off                ; Off                ;
; Analysis & Synthesis Message Level                                              ; Medium             ; Medium             ;
; Disable Register Merging Across Hierarchies                                     ; Auto               ; Auto               ;
; Resource Aware Inference For Block RAM                                          ; On                 ; On                 ;
; Automatic Parallel Synthesis                                                    ; On                 ; On                 ;
; Partial Reconfiguration Bitstream ID                                            ; Off                ; Off                ;
+---------------------------------------------------------------------------------+--------------------+--------------------+


+------------------------------------------+
; Parallel Compilation                     ;
+----------------------------+-------------+
; Processors                 ; Number      ;
+----------------------------+-------------+
; Number detected on machine ; 20          ;
; Maximum allowed            ; 14          ;
;                            ;             ;
; Average used               ; 1.00        ;
; Maximum used               ; 9           ;
;                            ;             ;
; Usage by Processor         ; % Time Used ;
;     Processor 1            ; 100.0%      ;
;     Processor 2            ;   0.0%      ;
;     Processor 3            ;   0.0%      ;
;     Processor 4            ;   0.0%      ;
;     Processor 5            ;   0.0%      ;
;     Processor 6            ;   0.0%      ;
;     Processor 7            ;   0.0%      ;
;     Processor 8            ;   0.0%      ;
;     Processor 9            ;   0.0%      ;
+----------------------------+-------------+


+---------------------------------------------------------------------------------------------------------------------------------------------------+
; Analysis & Synthesis Source Files Read                                                                                                            ;
+----------------------------------+-----------------+-----------------+------------------------------------------------------------------+---------+
; File Name with User-Entered Path ; Used in Netlist ; File Type       ; File Name with Absolute Path                                     ; Library ;
+----------------------------------+-----------------+-----------------+------------------------------------------------------------------+---------+
; RAMMIPS.vhd                      ; yes             ; User VHDL File  ; /home/pedropcv/Semestres/6/DesComp/MIPS_DLX_pipeline/RAMMIPS.vhd ;         ;
; MEM.vhd                          ; yes             ; User VHDL File  ; /home/pedropcv/Semestres/6/DesComp/MIPS_DLX_pipeline/MEM.vhd     ;         ;
+----------------------------------+-----------------+-----------------+------------------------------------------------------------------+---------+


+---------------------------------------------------------+
; Analysis & Synthesis Resource Usage Summary             ;
+---------------------------------------------+-----------+
; Resource                                    ; Usage     ;
+---------------------------------------------+-----------+
; Estimate of Logic utilization (ALMs needed) ; 1403      ;
;                                             ;           ;
; Combinational ALUT usage for logic          ; 801       ;
;     -- 7 input functions                    ; 0         ;
;     -- 6 input functions                    ; 736       ;
;     -- 5 input functions                    ; 0         ;
;     -- 4 input functions                    ; 0         ;
;     -- <=3 input functions                  ; 65        ;
;                                             ;           ;
; Dedicated logic registers                   ; 2048      ;
;                                             ;           ;
; I/O pins                                    ; 212       ;
;                                             ;           ;
; Total DSP Blocks                            ; 0         ;
;                                             ;           ;
; Maximum fan-out node                        ; clk~input ;
; Maximum fan-out                             ; 2048      ;
; Total fan-out                               ; 11038     ;
; Average fan-out                             ; 3.37      ;
+---------------------------------------------+-----------+


+------------------------------------------------------------------------------------------------------------------------------------------------------------------------------------------+
; Analysis & Synthesis Resource Utilization by Entity                                                                                                                                      ;
+----------------------------+---------------------+---------------------------+-------------------+------------+------+--------------+-----------------------+-------------+--------------+
; Compilation Hierarchy Node ; Combinational ALUTs ; Dedicated Logic Registers ; Block Memory Bits ; DSP Blocks ; Pins ; Virtual Pins ; Full Hierarchy Name   ; Entity Name ; Library Name ;
+----------------------------+---------------------+---------------------------+-------------------+------------+------+--------------+-----------------------+-------------+--------------+
; |MEM                       ; 801 (1)             ; 2048 (0)                  ; 0                 ; 0          ; 212  ; 0            ; |MEM                  ; MEM         ; work         ;
;    |RAMMIPS:ram_mips|      ; 800 (800)           ; 2048 (2048)               ; 0                 ; 0          ; 0    ; 0            ; |MEM|RAMMIPS:ram_mips ; RAMMIPS     ; work         ;
+----------------------------+---------------------+---------------------------+-------------------+------------+------+--------------+-----------------------+-------------+--------------+
Note: For table entries with two numbers listed, the numbers in parentheses indicate the number of resources of the given type used by the specific entity alone. The numbers listed outside of parentheses indicate the total resources of the given type used by the specific entity and all of its sub-entities in the hierarchy.


+------------------------------------------------------+
; General Register Statistics                          ;
+----------------------------------------------+-------+
; Statistic                                    ; Value ;
+----------------------------------------------+-------+
; Total registers                              ; 2048  ;
; Number of registers using Synchronous Clear  ; 0     ;
; Number of registers using Synchronous Load   ; 0     ;
; Number of registers using Asynchronous Clear ; 0     ;
; Number of registers using Asynchronous Load  ; 0     ;
; Number of registers using Clock Enable       ; 2048  ;
; Number of registers using Preset             ; 0     ;
+----------------------------------------------+-------+


+---------------------------------------------------------------------+
; Parameter Settings for User Entity Instance: Top-level Entity: |MEM ;
+------------------+-------+------------------------------------------+
; Parameter Name   ; Value ; Type                                     ;
+------------------+-------+------------------------------------------+
; instruction_size ; 32    ; Signed Integer                           ;
+------------------+-------+------------------------------------------+
Note: In order to hide this table in the UI and the text report file, please set the "Show Parameter Settings in Synthesis Report" option in "Analysis and Synthesis Settings -> More Settings" to "Off".


+---------------------------------------------------------------+
; Parameter Settings for User Entity Instance: RAMMIPS:ram_mips ;
+-----------------+-------+-------------------------------------+
; Parameter Name  ; Value ; Type                                ;
+-----------------+-------+-------------------------------------+
; datawidth       ; 32    ; Signed Integer                      ;
; addrwidth       ; 32    ; Signed Integer                      ;
; memoryaddrwidth ; 6     ; Signed Integer                      ;
+-----------------+-------+-------------------------------------+
Note: In order to hide this table in the UI and the text report file, please set the "Show Parameter Settings in Synthesis Report" option in "Analysis and Synthesis Settings -> More Settings" to "Off".


+----------------------------------------------+
; Port Connectivity Checks: "RAMMIPS:ram_mips" ;
+----------+-------+----------+----------------+
; Port     ; Type  ; Severity ; Details        ;
+----------+-------+----------+----------------+
; habilita ; Input ; Info     ; Stuck at VCC   ;
+----------+-------+----------+----------------+


+-----------------------------------------------------+
; Post-Synthesis Netlist Statistics for Top Partition ;
+-----------------------+-----------------------------+
; Type                  ; Count                       ;
+-----------------------+-----------------------------+
; arriav_ff             ; 2048                        ;
;     ENA               ; 2048                        ;
; arriav_io_obuf        ; 32                          ;
; arriav_lcell_comb     ; 801                         ;
;     normal            ; 801                         ;
;         2 data inputs ; 65                          ;
;         6 data inputs ; 736                         ;
; boundary_port         ; 212                         ;
;                       ;                             ;
; Max LUT depth         ; 3.00                        ;
; Average LUT depth     ; 2.82                        ;
+-----------------------+-----------------------------+


+-------------------------------+
; Elapsed Time Per Partition    ;
+----------------+--------------+
; Partition Name ; Elapsed Time ;
+----------------+--------------+
; Top            ; 00:00:01     ;
+----------------+--------------+


+-------------------------------+
; Analysis & Synthesis Messages ;
+-------------------------------+
Info: *******************************************************************
Info: Running Quartus Prime Analysis & Synthesis
    Info: Version 20.1.0 Build 711 06/05/2020 SJ Lite Edition
    Info: Processing started: Thu Nov 28 02:58:08 2024
Info: Command: quartus_map --read_settings_files=on --write_settings_files=off MIPS_DLX_pipeline -c MIPS_DLX_pipeline
Warning (18236): Number of processors has not been specified which may cause overloading on shared machines.  Set the global assignment NUM_PARALLEL_PROCESSORS in your QSF to an appropriate value for best performance.
Info (20030): Parallel compilation is enabled and will use 14 of the 14 processors detected
Info (12021): Found 2 design units, including 1 entities, in source file somadorCompleto_1bit.vhd
    Info (12022): Found design unit 1: somadorCompleto_1bit-comportamento File: /home/pedropcv/Semestres/6/DesComp/MIPS_DLX_pipeline/somadorCompleto_1bit.vhd Line: 16
    Info (12023): Found entity 1: somadorCompleto_1bit File: /home/pedropcv/Semestres/6/DesComp/MIPS_DLX_pipeline/somadorCompleto_1bit.vhd Line: 5
Info (12021): Found 2 design units, including 1 entities, in source file ROMMIPS.vhd
    Info (12022): Found design unit 1: ROMMIPS-assincrona File: /home/pedropcv/Semestres/6/DesComp/MIPS_DLX_pipeline/ROMMIPS.vhd Line: 15
    Info (12023): Found entity 1: ROMMIPS File: /home/pedropcv/Semestres/6/DesComp/MIPS_DLX_pipeline/ROMMIPS.vhd Line: 5
Info (12021): Found 2 design units, including 1 entities, in source file ULAMIPS.vhd
    Info (12022): Found design unit 1: ULAMIPS-comportamento File: /home/pedropcv/Semestres/6/DesComp/MIPS_DLX_pipeline/ULAMIPS.vhd Line: 17
    Info (12023): Found entity 1: ULAMIPS File: /home/pedropcv/Semestres/6/DesComp/MIPS_DLX_pipeline/ULAMIPS.vhd Line: 4
Info (12021): Found 2 design units, including 1 entities, in source file muxGenerico2x1.vhd
    Info (12022): Found design unit 1: muxGenerico2x1-comportamento File: /home/pedropcv/Semestres/6/DesComp/MIPS_DLX_pipeline/muxGenerico2x1.vhd Line: 13
    Info (12023): Found entity 1: muxGenerico2x1 File: /home/pedropcv/Semestres/6/DesComp/MIPS_DLX_pipeline/muxGenerico2x1.vhd Line: 4
Info (12021): Found 2 design units, including 1 entities, in source file muxGenerico2x1_stdlogic.vhd
    Info (12022): Found design unit 1: muxGenerico2x1_stdlogic-comportamento File: /home/pedropcv/Semestres/6/DesComp/MIPS_DLX_pipeline/muxGenerico2x1_stdlogic.vhd Line: 12
    Info (12023): Found entity 1: muxGenerico2x1_stdlogic File: /home/pedropcv/Semestres/6/DesComp/MIPS_DLX_pipeline/muxGenerico2x1_stdlogic.vhd Line: 4
Info (12021): Found 2 design units, including 1 entities, in source file registradorGenerico.vhd
    Info (12022): Found design unit 1: registradorGenerico-comportamento File: /home/pedropcv/Semestres/6/DesComp/MIPS_DLX_pipeline/registradorGenerico.vhd Line: 15
    Info (12023): Found entity 1: registradorGenerico File: /home/pedropcv/Semestres/6/DesComp/MIPS_DLX_pipeline/registradorGenerico.vhd Line: 4
Info (12021): Found 2 design units, including 1 entities, in source file TipoRIJ.vhd
    Info (12022): Found design unit 1: TipoRIJ-arquitetura File: /home/pedropcv/Semestres/6/DesComp/MIPS_DLX_pipeline/TipoRIJ.vhd Line: 25
    Info (12023): Found entity 1: TipoRIJ File: /home/pedropcv/Semestres/6/DesComp/MIPS_DLX_pipeline/TipoRIJ.vhd Line: 5
Info (12021): Found 2 design units, including 1 entities, in source file RAMMIPS.vhd
    Info (12022): Found design unit 1: RAMMIPS-assincrona File: /home/pedropcv/Semestres/6/DesComp/MIPS_DLX_pipeline/RAMMIPS.vhd Line: 18
    Info (12023): Found entity 1: RAMMIPS File: /home/pedropcv/Semestres/6/DesComp/MIPS_DLX_pipeline/RAMMIPS.vhd Line: 5
Info (12021): Found 2 design units, including 1 entities, in source file muxGenericoNx1.vhd
    Info (12022): Found design unit 1: muxGenericoNx1-Behavioral File: /home/pedropcv/Semestres/6/DesComp/MIPS_DLX_pipeline/muxGenericoNx1.vhd Line: 16
    Info (12023): Found entity 1: muxGenericoNx1 File: /home/pedropcv/Semestres/6/DesComp/MIPS_DLX_pipeline/muxGenericoNx1.vhd Line: 5
Info (12021): Found 2 design units, including 1 entities, in source file somaConstante.vhd
    Info (12022): Found design unit 1: somaConstante-comportamento File: /home/pedropcv/Semestres/6/DesComp/MIPS_DLX_pipeline/somaConstante.vhd Line: 18
    Info (12023): Found entity 1: somaConstante File: /home/pedropcv/Semestres/6/DesComp/MIPS_DLX_pipeline/somaConstante.vhd Line: 5
Info (12021): Found 2 design units, including 1 entities, in source file UC_ULA.vhd
    Info (12022): Found design unit 1: UC_ULA-comportamento File: /home/pedropcv/Semestres/6/DesComp/MIPS_DLX_pipeline/UC_ULA.vhd Line: 13
    Info (12023): Found entity 1: UC_ULA File: /home/pedropcv/Semestres/6/DesComp/MIPS_DLX_pipeline/UC_ULA.vhd Line: 4
Info (12021): Found 2 design units, including 1 entities, in source file somadorGenerico.vhd
    Info (12022): Found design unit 1: somadorGenerico-comportamento File: /home/pedropcv/Semestres/6/DesComp/MIPS_DLX_pipeline/somadorGenerico.vhd Line: 17
    Info (12023): Found entity 1: somadorGenerico File: /home/pedropcv/Semestres/6/DesComp/MIPS_DLX_pipeline/somadorGenerico.vhd Line: 5
Info (12021): Found 2 design units, including 1 entities, in source file UC_FD.vhd
    Info (12022): Found design unit 1: UC_FD-comportamento File: /home/pedropcv/Semestres/6/DesComp/MIPS_DLX_pipeline/UC_FD.vhd Line: 11
    Info (12023): Found entity 1: UC_FD File: /home/pedropcv/Semestres/6/DesComp/MIPS_DLX_pipeline/UC_FD.vhd Line: 4
Info (12021): Found 2 design units, including 1 entities, in source file estendeSinalGenerico.vhd
    Info (12022): Found design unit 1: estendeSinalGenerico-comportamento File: /home/pedropcv/Semestres/6/DesComp/MIPS_DLX_pipeline/estendeSinalGenerico.vhd Line: 19
    Info (12023): Found entity 1: estendeSinalGenerico File: /home/pedropcv/Semestres/6/DesComp/MIPS_DLX_pipeline/estendeSinalGenerico.vhd Line: 4
Info (12021): Found 2 design units, including 1 entities, in source file bancoRegistradores.vhd
    Info (12022): Found design unit 1: bancoRegistradores-comportamento File: /home/pedropcv/Semestres/6/DesComp/MIPS_DLX_pipeline/bancoRegistradores.vhd Line: 30
    Info (12023): Found entity 1: bancoRegistradores File: /home/pedropcv/Semestres/6/DesComp/MIPS_DLX_pipeline/bancoRegistradores.vhd Line: 7
Info (12021): Found 2 design units, including 1 entities, in source file muxGenerico4x1_stdlogic.vhd
    Info (12022): Found design unit 1: muxGenerico4x1_stdlogic-Behavioral File: /home/pedropcv/Semestres/6/DesComp/MIPS_DLX_pipeline/muxGenerico4x1_stdlogic.vhd Line: 16
    Info (12023): Found entity 1: muxGenerico4x1_stdlogic File: /home/pedropcv/Semestres/6/DesComp/MIPS_DLX_pipeline/muxGenerico4x1_stdlogic.vhd Line: 5
Info (12021): Found 0 design units, including 0 entities, in source file MIPS_DLX_pipeline.vhd
Info (12021): Found 2 design units, including 1 entities, in source file IFF.vhd
    Info (12022): Found design unit 1: IFF-Behavioral File: /home/pedropcv/Semestres/6/DesComp/MIPS_DLX_pipeline/IFF.vhd Line: 21
    Info (12023): Found entity 1: IFF File: /home/pedropcv/Semestres/6/DesComp/MIPS_DLX_pipeline/IFF.vhd Line: 7
Info (12021): Found 2 design units, including 1 entities, in source file ID.vhd
    Info (12022): Found design unit 1: ID-Behavioral File: /home/pedropcv/Semestres/6/DesComp/MIPS_DLX_pipeline/ID.vhd Line: 22
    Info (12023): Found entity 1: ID File: /home/pedropcv/Semestres/6/DesComp/MIPS_DLX_pipeline/ID.vhd Line: 6
Info (12021): Found 2 design units, including 1 entities, in source file EX.vhd
    Info (12022): Found design unit 1: EX-Behavioral File: /home/pedropcv/Semestres/6/DesComp/MIPS_DLX_pipeline/EX.vhd Line: 17
    Info (12023): Found entity 1: EX File: /home/pedropcv/Semestres/6/DesComp/MIPS_DLX_pipeline/EX.vhd Line: 7
Info (12021): Found 2 design units, including 1 entities, in source file MEM.vhd
    Info (12022): Found design unit 1: MEM-Behavioral File: /home/pedropcv/Semestres/6/DesComp/MIPS_DLX_pipeline/MEM.vhd Line: 21
    Info (12023): Found entity 1: MEM File: /home/pedropcv/Semestres/6/DesComp/MIPS_DLX_pipeline/MEM.vhd Line: 7
Info (12127): Elaborating entity "MEM" for the top level hierarchy
Info (12128): Elaborating entity "RAMMIPS" for hierarchy "RAMMIPS:ram_mips" File: /home/pedropcv/Semestres/6/DesComp/MIPS_DLX_pipeline/MEM.vhd Line: 28
Info (276014): Found 1 instances of uninferred RAM logic
    Info (276007): RAM logic "RAMMIPS:ram_mips|memRAM" is uninferred due to asynchronous read logic File: /home/pedropcv/Semestres/6/DesComp/MIPS_DLX_pipeline/RAMMIPS.vhd Line: 21
Info (286030): Timing-Driven Synthesis is running
Info (16010): Generating hard_block partition "hard_block:auto_generated_inst"
    Info (16011): Adding 0 node(s), including 0 DDIO, 0 PLL, 0 transceiver and 0 LCELL
Info (21057): Implemented 3061 device resources after synthesis - the final resource count might be different
    Info (21058): Implemented 108 input pins
    Info (21059): Implemented 104 output pins
    Info (21061): Implemented 2849 logic cells
Info: Quartus Prime Analysis & Synthesis was successful. 0 errors, 1 warning
    Info: Peak virtual memory: 525 megabytes
    Info: Processing ended: Thu Nov 28 02:58:14 2024
    Info: Elapsed time: 00:00:06
    Info: Total CPU time (on all processors): 00:00:17


